
*** Running vivado
    with args -log bachelor_COMBINED_OPERATIONS_0_0.vds -m64 -product Vivado -mode batch -messageDb vivado.pb -notrace -source bachelor_COMBINED_OPERATIONS_0_0.tcl


****** Vivado v2023.2 (64-bit)
  **** SW Build 4029153 on Fri Oct 13 20:13:54 MDT 2023
  **** IP Build 4028589 on Sat Oct 14 00:45:43 MDT 2023
  **** SharedData Build 4025554 on Tue Oct 10 17:18:54 MDT 2023
    ** Copyright 1986-2022 Xilinx, Inc. All Rights Reserved.
    ** Copyright 2022-2023 Advanced Micro Devices, Inc. All Rights Reserved.

source bachelor_COMBINED_OPERATIONS_0_0.tcl -notrace
create_project: Time (s): cpu = 00:00:06 ; elapsed = 00:00:06 . Memory (MB): peak = 1277.922 ; gain = 11.898 ; free physical = 5191 ; free virtual = 27346
INFO: [IP_Flow 19-234] Refreshing IP repositories
INFO: [IP_Flow 19-1704] No user IP repositories specified
INFO: [IP_Flow 19-2313] Loaded Vivado IP repository '/tools/Xilinx/Vivado/2023.2/data/ip'.
INFO: [IP_Flow 19-6924] IPCACHE: Running cache check for IP inst: bachelor_COMBINED_OPERATIONS_0_0
Command: synth_design -top bachelor_COMBINED_OPERATIONS_0_0 -part xc7z020clg484-1 -incremental_mode off -mode out_of_context
Starting synth_design
Attempting to get a license for feature 'Synthesis' and/or device 'xc7z020'
INFO: [Common 17-349] Got license for feature 'Synthesis' and/or device 'xc7z020'
INFO: [Designutils 20-5008] Incremental synthesis strategy off
INFO: [Synth 8-7079] Multithreading enabled for synth_design using a maximum of 4 processes.
INFO: [Synth 8-7078] Launching helper process for spawning children vivado processes
INFO: [Synth 8-7075] Helper process launched with PID 90991
---------------------------------------------------------------------------------
Starting Synthesize : Time (s): cpu = 00:00:04 ; elapsed = 00:00:05 . Memory (MB): peak = 1710.387 ; gain = 412.652 ; free physical = 3213 ; free virtual = 25368
---------------------------------------------------------------------------------
WARNING: [Synth 8-1958] event expressions must result in a singular type [/home/robert/Downloads/Bachelor/Source Code/build/bachelor.v:2528]
WARNING: [Synth 8-1958] event expressions must result in a singular type [/home/robert/Downloads/Bachelor/Source Code/build/bachelor.v:2528]
WARNING: [Synth 8-1958] event expressions must result in a singular type [/home/robert/Downloads/Bachelor/Source Code/build/bachelor.v:2528]
WARNING: [Synth 8-1958] event expressions must result in a singular type [/home/robert/Downloads/Bachelor/Source Code/build/bachelor.v:6721]
WARNING: [Synth 8-1958] event expressions must result in a singular type [/home/robert/Downloads/Bachelor/Source Code/build/bachelor.v:6721]
WARNING: [Synth 8-1958] event expressions must result in a singular type [/home/robert/Downloads/Bachelor/Source Code/build/bachelor.v:6721]
WARNING: [Synth 8-1958] event expressions must result in a singular type [/home/robert/Downloads/Bachelor/Source Code/build/bachelor.v:6721]
WARNING: [Synth 8-1958] event expressions must result in a singular type [/home/robert/Downloads/Bachelor/Source Code/build/bachelor.v:6721]
WARNING: [Synth 8-1958] event expressions must result in a singular type [/home/robert/Downloads/Bachelor/Source Code/build/bachelor.v:6721]
WARNING: [Synth 8-1958] event expressions must result in a singular type [/home/robert/Downloads/Bachelor/Source Code/build/bachelor.v:6721]
WARNING: [Synth 8-1958] event expressions must result in a singular type [/home/robert/Downloads/Bachelor/Source Code/build/bachelor.v:6721]
WARNING: [Synth 8-1958] event expressions must result in a singular type [/home/robert/Downloads/Bachelor/Source Code/build/bachelor.v:6721]
WARNING: [Synth 8-1958] event expressions must result in a singular type [/home/robert/Downloads/Bachelor/Source Code/build/bachelor.v:6721]
WARNING: [Synth 8-1958] event expressions must result in a singular type [/home/robert/Downloads/Bachelor/Source Code/build/bachelor.v:6721]
WARNING: [Synth 8-1958] event expressions must result in a singular type [/home/robert/Downloads/Bachelor/Source Code/build/bachelor.v:6721]
WARNING: [Synth 8-1958] event expressions must result in a singular type [/home/robert/Downloads/Bachelor/Source Code/build/bachelor.v:6721]
WARNING: [Synth 8-1958] event expressions must result in a singular type [/home/robert/Downloads/Bachelor/Source Code/build/bachelor.v:6721]
WARNING: [Synth 8-1958] event expressions must result in a singular type [/home/robert/Downloads/Bachelor/Source Code/build/bachelor.v:6721]
WARNING: [Synth 8-1958] event expressions must result in a singular type [/home/robert/Downloads/Bachelor/Source Code/build/bachelor.v:6721]
WARNING: [Synth 8-1958] event expressions must result in a singular type [/home/robert/Downloads/Bachelor/Source Code/build/bachelor.v:6721]
WARNING: [Synth 8-1958] event expressions must result in a singular type [/home/robert/Downloads/Bachelor/Source Code/build/bachelor.v:6721]
WARNING: [Synth 8-1958] event expressions must result in a singular type [/home/robert/Downloads/Bachelor/Source Code/build/bachelor.v:6721]
WARNING: [Synth 8-1958] event expressions must result in a singular type [/home/robert/Downloads/Bachelor/Source Code/build/bachelor.v:6721]
WARNING: [Synth 8-1958] event expressions must result in a singular type [/home/robert/Downloads/Bachelor/Source Code/build/bachelor.v:6721]
WARNING: [Synth 8-1958] event expressions must result in a singular type [/home/robert/Downloads/Bachelor/Source Code/build/bachelor.v:6721]
WARNING: [Synth 8-1958] event expressions must result in a singular type [/home/robert/Downloads/Bachelor/Source Code/build/bachelor.v:6721]
WARNING: [Synth 8-1958] event expressions must result in a singular type [/home/robert/Downloads/Bachelor/Source Code/build/bachelor.v:6721]
WARNING: [Synth 8-1958] event expressions must result in a singular type [/home/robert/Downloads/Bachelor/Source Code/build/bachelor.v:6721]
WARNING: [Synth 8-1958] event expressions must result in a singular type [/home/robert/Downloads/Bachelor/Source Code/build/bachelor.v:6721]
WARNING: [Synth 8-1958] event expressions must result in a singular type [/home/robert/Downloads/Bachelor/Source Code/build/bachelor.v:6721]
WARNING: [Synth 8-1958] event expressions must result in a singular type [/home/robert/Downloads/Bachelor/Source Code/build/bachelor.v:6721]
WARNING: [Synth 8-1958] event expressions must result in a singular type [/home/robert/Downloads/Bachelor/Source Code/build/bachelor.v:6721]
WARNING: [Synth 8-1958] event expressions must result in a singular type [/home/robert/Downloads/Bachelor/Source Code/build/bachelor.v:6721]
WARNING: [Synth 8-1958] event expressions must result in a singular type [/home/robert/Downloads/Bachelor/Source Code/build/bachelor.v:6721]
WARNING: [Synth 8-1958] event expressions must result in a singular type [/home/robert/Downloads/Bachelor/Source Code/build/bachelor.v:6721]
WARNING: [Synth 8-1958] event expressions must result in a singular type [/home/robert/Downloads/Bachelor/Source Code/build/bachelor.v:6721]
WARNING: [Synth 8-1958] event expressions must result in a singular type [/home/robert/Downloads/Bachelor/Source Code/build/bachelor.v:6721]
WARNING: [Synth 8-1958] event expressions must result in a singular type [/home/robert/Downloads/Bachelor/Source Code/build/bachelor.v:6721]
WARNING: [Synth 8-1958] event expressions must result in a singular type [/home/robert/Downloads/Bachelor/Source Code/build/bachelor.v:6721]
WARNING: [Synth 8-1958] event expressions must result in a singular type [/home/robert/Downloads/Bachelor/Source Code/build/bachelor.v:6721]
WARNING: [Synth 8-1958] event expressions must result in a singular type [/home/robert/Downloads/Bachelor/Source Code/build/bachelor.v:6721]
WARNING: [Synth 8-1958] event expressions must result in a singular type [/home/robert/Downloads/Bachelor/Source Code/build/bachelor.v:6721]
WARNING: [Synth 8-1958] event expressions must result in a singular type [/home/robert/Downloads/Bachelor/Source Code/build/bachelor.v:6721]
WARNING: [Synth 8-1958] event expressions must result in a singular type [/home/robert/Downloads/Bachelor/Source Code/build/bachelor.v:6721]
WARNING: [Synth 8-1958] event expressions must result in a singular type [/home/robert/Downloads/Bachelor/Source Code/build/bachelor.v:6721]
WARNING: [Synth 8-1958] event expressions must result in a singular type [/home/robert/Downloads/Bachelor/Source Code/build/bachelor.v:6721]
WARNING: [Synth 8-1958] event expressions must result in a singular type [/home/robert/Downloads/Bachelor/Source Code/build/bachelor.v:6721]
WARNING: [Synth 8-1958] event expressions must result in a singular type [/home/robert/Downloads/Bachelor/Source Code/build/bachelor.v:6721]
WARNING: [Synth 8-1958] event expressions must result in a singular type [/home/robert/Downloads/Bachelor/Source Code/build/bachelor.v:6721]
WARNING: [Synth 8-1958] event expressions must result in a singular type [/home/robert/Downloads/Bachelor/Source Code/build/bachelor.v:6721]
WARNING: [Synth 8-1958] event expressions must result in a singular type [/home/robert/Downloads/Bachelor/Source Code/build/bachelor.v:6721]
WARNING: [Synth 8-1958] event expressions must result in a singular type [/home/robert/Downloads/Bachelor/Source Code/build/bachelor.v:6721]
WARNING: [Synth 8-1958] event expressions must result in a singular type [/home/robert/Downloads/Bachelor/Source Code/build/bachelor.v:6721]
WARNING: [Synth 8-1958] event expressions must result in a singular type [/home/robert/Downloads/Bachelor/Source Code/build/bachelor.v:6721]
WARNING: [Synth 8-1958] event expressions must result in a singular type [/home/robert/Downloads/Bachelor/Source Code/build/bachelor.v:6721]
WARNING: [Synth 8-1958] event expressions must result in a singular type [/home/robert/Downloads/Bachelor/Source Code/build/bachelor.v:6721]
WARNING: [Synth 8-1958] event expressions must result in a singular type [/home/robert/Downloads/Bachelor/Source Code/build/bachelor.v:6721]
WARNING: [Synth 8-1958] event expressions must result in a singular type [/home/robert/Downloads/Bachelor/Source Code/build/bachelor.v:6721]
WARNING: [Synth 8-1958] event expressions must result in a singular type [/home/robert/Downloads/Bachelor/Source Code/build/bachelor.v:6721]
WARNING: [Synth 8-1958] event expressions must result in a singular type [/home/robert/Downloads/Bachelor/Source Code/build/bachelor.v:6721]
WARNING: [Synth 8-1958] event expressions must result in a singular type [/home/robert/Downloads/Bachelor/Source Code/build/bachelor.v:6721]
WARNING: [Synth 8-1958] event expressions must result in a singular type [/home/robert/Downloads/Bachelor/Source Code/build/bachelor.v:6721]
WARNING: [Synth 8-1958] event expressions must result in a singular type [/home/robert/Downloads/Bachelor/Source Code/build/bachelor.v:6721]
WARNING: [Synth 8-1958] event expressions must result in a singular type [/home/robert/Downloads/Bachelor/Source Code/build/bachelor.v:6721]
WARNING: [Synth 8-1958] event expressions must result in a singular type [/home/robert/Downloads/Bachelor/Source Code/build/bachelor.v:6721]
WARNING: [Synth 8-1958] event expressions must result in a singular type [/home/robert/Downloads/Bachelor/Source Code/build/bachelor.v:6721]
WARNING: [Synth 8-1958] event expressions must result in a singular type [/home/robert/Downloads/Bachelor/Source Code/build/bachelor.v:6721]
WARNING: [Synth 8-1958] event expressions must result in a singular type [/home/robert/Downloads/Bachelor/Source Code/build/bachelor.v:6721]
WARNING: [Synth 8-1958] event expressions must result in a singular type [/home/robert/Downloads/Bachelor/Source Code/build/bachelor.v:6721]
WARNING: [Synth 8-1958] event expressions must result in a singular type [/home/robert/Downloads/Bachelor/Source Code/build/bachelor.v:6721]
WARNING: [Synth 8-1958] event expressions must result in a singular type [/home/robert/Downloads/Bachelor/Source Code/build/bachelor.v:6721]
WARNING: [Synth 8-1958] event expressions must result in a singular type [/home/robert/Downloads/Bachelor/Source Code/build/bachelor.v:6721]
WARNING: [Synth 8-1958] event expressions must result in a singular type [/home/robert/Downloads/Bachelor/Source Code/build/bachelor.v:6721]
WARNING: [Synth 8-1958] event expressions must result in a singular type [/home/robert/Downloads/Bachelor/Source Code/build/bachelor.v:6721]
WARNING: [Synth 8-1958] event expressions must result in a singular type [/home/robert/Downloads/Bachelor/Source Code/build/bachelor.v:6721]
WARNING: [Synth 8-1958] event expressions must result in a singular type [/home/robert/Downloads/Bachelor/Source Code/build/bachelor.v:6721]
WARNING: [Synth 8-1958] event expressions must result in a singular type [/home/robert/Downloads/Bachelor/Source Code/build/bachelor.v:6721]
WARNING: [Synth 8-1958] event expressions must result in a singular type [/home/robert/Downloads/Bachelor/Source Code/build/bachelor.v:6721]
WARNING: [Synth 8-1958] event expressions must result in a singular type [/home/robert/Downloads/Bachelor/Source Code/build/bachelor.v:6721]
WARNING: [Synth 8-1958] event expressions must result in a singular type [/home/robert/Downloads/Bachelor/Source Code/build/bachelor.v:6721]
WARNING: [Synth 8-1958] event expressions must result in a singular type [/home/robert/Downloads/Bachelor/Source Code/build/bachelor.v:6721]
WARNING: [Synth 8-1958] event expressions must result in a singular type [/home/robert/Downloads/Bachelor/Source Code/build/bachelor.v:6721]
WARNING: [Synth 8-1958] event expressions must result in a singular type [/home/robert/Downloads/Bachelor/Source Code/build/bachelor.v:6721]
WARNING: [Synth 8-1958] event expressions must result in a singular type [/home/robert/Downloads/Bachelor/Source Code/build/bachelor.v:6721]
WARNING: [Synth 8-1958] event expressions must result in a singular type [/home/robert/Downloads/Bachelor/Source Code/build/bachelor.v:6721]
WARNING: [Synth 8-1958] event expressions must result in a singular type [/home/robert/Downloads/Bachelor/Source Code/build/bachelor.v:6721]
WARNING: [Synth 8-1958] event expressions must result in a singular type [/home/robert/Downloads/Bachelor/Source Code/build/bachelor.v:6721]
WARNING: [Synth 8-1958] event expressions must result in a singular type [/home/robert/Downloads/Bachelor/Source Code/build/bachelor.v:6721]
WARNING: [Synth 8-1958] event expressions must result in a singular type [/home/robert/Downloads/Bachelor/Source Code/build/bachelor.v:6721]
WARNING: [Synth 8-1958] event expressions must result in a singular type [/home/robert/Downloads/Bachelor/Source Code/build/bachelor.v:6721]
WARNING: [Synth 8-1958] event expressions must result in a singular type [/home/robert/Downloads/Bachelor/Source Code/build/bachelor.v:6721]
WARNING: [Synth 8-1958] event expressions must result in a singular type [/home/robert/Downloads/Bachelor/Source Code/build/bachelor.v:6721]
WARNING: [Synth 8-1958] event expressions must result in a singular type [/home/robert/Downloads/Bachelor/Source Code/build/bachelor.v:6721]
WARNING: [Synth 8-1958] event expressions must result in a singular type [/home/robert/Downloads/Bachelor/Source Code/build/bachelor.v:6721]
WARNING: [Synth 8-1958] event expressions must result in a singular type [/home/robert/Downloads/Bachelor/Source Code/build/bachelor.v:6721]
WARNING: [Synth 8-1958] event expressions must result in a singular type [/home/robert/Downloads/Bachelor/Source Code/build/bachelor.v:6721]
WARNING: [Synth 8-1958] event expressions must result in a singular type [/home/robert/Downloads/Bachelor/Source Code/build/bachelor.v:6721]
WARNING: [Synth 8-1958] event expressions must result in a singular type [/home/robert/Downloads/Bachelor/Source Code/build/bachelor.v:6721]
WARNING: [Synth 8-1958] event expressions must result in a singular type [/home/robert/Downloads/Bachelor/Source Code/build/bachelor.v:6721]
WARNING: [Synth 8-1958] event expressions must result in a singular type [/home/robert/Downloads/Bachelor/Source Code/build/bachelor.v:6721]
INFO: [Common 17-14] Message 'Synth 8-1958' appears 100 times and further instances of the messages will be disabled. Use the Tcl command set_msg_config to change the current settings.
INFO: [Synth 8-6157] synthesizing module 'bachelor_COMBINED_OPERATIONS_0_0' [/home/robert/Downloads/Bachelor/Vivado/Vivado.gen/sources_1/bd/bachelor/ip/bachelor_COMBINED_OPERATIONS_0_0/synth/bachelor_COMBINED_OPERATIONS_0_0.v:53]
INFO: [Synth 8-6157] synthesizing module 'COMBINED_OPERATIONS' [/home/robert/Downloads/Bachelor/Source Code/build/bachelor.v:1]
INFO: [Synth 8-6157] synthesizing module 'CELL' [/home/robert/Downloads/Bachelor/Source Code/build/bachelor.v:793]
INFO: [Synth 8-155] case statement is not full and has no default [/home/robert/Downloads/Bachelor/Source Code/build/bachelor.v:1278]
INFO: [Synth 8-155] case statement is not full and has no default [/home/robert/Downloads/Bachelor/Source Code/build/bachelor.v:1425]
INFO: [Synth 8-155] case statement is not full and has no default [/home/robert/Downloads/Bachelor/Source Code/build/bachelor.v:1667]
INFO: [Synth 8-155] case statement is not full and has no default [/home/robert/Downloads/Bachelor/Source Code/build/bachelor.v:1862]
INFO: [Synth 8-155] case statement is not full and has no default [/home/robert/Downloads/Bachelor/Source Code/build/bachelor.v:2016]
WARNING: [Synth 8-324] index 3 out of range [/home/robert/Downloads/Bachelor/Source Code/build/bachelor.v:2157]
INFO: [Synth 8-155] case statement is not full and has no default [/home/robert/Downloads/Bachelor/Source Code/build/bachelor.v:2167]
INFO: [Synth 8-155] case statement is not full and has no default [/home/robert/Downloads/Bachelor/Source Code/build/bachelor.v:2396]
INFO: [Synth 8-6157] synthesizing module 'ADDER_SUBTRACTOR' [/home/robert/Downloads/Bachelor/Source Code/build/bachelor.v:2740]
INFO: [Synth 8-6157] synthesizing module 'FULLADDER' [/home/robert/Downloads/Bachelor/Source Code/build/bachelor.v:3077]
INFO: [Synth 8-6155] done synthesizing module 'FULLADDER' (0#1) [/home/robert/Downloads/Bachelor/Source Code/build/bachelor.v:3077]
INFO: [Synth 8-6155] done synthesizing module 'ADDER_SUBTRACTOR' (0#1) [/home/robert/Downloads/Bachelor/Source Code/build/bachelor.v:2740]
INFO: [Synth 8-6157] synthesizing module 'MULTIPLIER' [/home/robert/Downloads/Bachelor/Source Code/build/bachelor.v:3098]
INFO: [Synth 8-6157] synthesizing module 'ADDER_SUBTRACTOR0' [/home/robert/Downloads/Bachelor/Source Code/build/bachelor.v:3803]
INFO: [Synth 8-6155] done synthesizing module 'ADDER_SUBTRACTOR0' (0#1) [/home/robert/Downloads/Bachelor/Source Code/build/bachelor.v:3803]
INFO: [Synth 8-6157] synthesizing module 'SHIFT_REGISTER' [/home/robert/Downloads/Bachelor/Source Code/build/bachelor.v:4028]
INFO: [Synth 8-6155] done synthesizing module 'SHIFT_REGISTER' (0#1) [/home/robert/Downloads/Bachelor/Source Code/build/bachelor.v:4028]
INFO: [Synth 8-6155] done synthesizing module 'MULTIPLIER' (0#1) [/home/robert/Downloads/Bachelor/Source Code/build/bachelor.v:3098]
INFO: [Synth 8-6155] done synthesizing module 'CELL' (0#1) [/home/robert/Downloads/Bachelor/Source Code/build/bachelor.v:793]
INFO: [Synth 8-6157] synthesizing module 'CONTROLLER' [/home/robert/Downloads/Bachelor/Source Code/build/bachelor.v:4632]
INFO: [Synth 8-6155] done synthesizing module 'CONTROLLER' (0#1) [/home/robert/Downloads/Bachelor/Source Code/build/bachelor.v:4632]
INFO: [Synth 8-6155] done synthesizing module 'COMBINED_OPERATIONS' (0#1) [/home/robert/Downloads/Bachelor/Source Code/build/bachelor.v:1]
INFO: [Synth 8-6155] done synthesizing module 'bachelor_COMBINED_OPERATIONS_0_0' (0#1) [/home/robert/Downloads/Bachelor/Vivado/Vivado.gen/sources_1/bd/bachelor/ip/bachelor_COMBINED_OPERATIONS_0_0/synth/bachelor_COMBINED_OPERATIONS_0_0.v:53]
WARNING: [Synth 8-3848] Net output_sum[0][0] in module/entity ADDER_SUBTRACTOR does not have driver. [/home/robert/Downloads/Bachelor/Source Code/build/bachelor.v:2766]
WARNING: [Synth 8-3848] Net one in module/entity ADDER_SUBTRACTOR does not have driver. [/home/robert/Downloads/Bachelor/Source Code/build/bachelor.v:2763]
WARNING: [Synth 8-3848] Net output_sum[0][0] in module/entity ADDER_SUBTRACTOR0 does not have driver. [/home/robert/Downloads/Bachelor/Source Code/build/bachelor.v:3829]
WARNING: [Synth 8-3848] Net one in module/entity ADDER_SUBTRACTOR0 does not have driver. [/home/robert/Downloads/Bachelor/Source Code/build/bachelor.v:3826]
WARNING: [Synth 8-6014] Unused sequential element shift_ff.sv2v_autoblock_3.TMP_0_value_reg was removed.  [/home/robert/Downloads/Bachelor/Source Code/build/bachelor.v:4560]
WARNING: [Synth 8-6014] Unused sequential element shift_ff.sv2v_autoblock_3.output_btint_a_reg was removed.  [/home/robert/Downloads/Bachelor/Source Code/build/bachelor.v:4561]
WARNING: [Synth 8-6014] Unused sequential element shift_ff.sv2v_autoblock_3.output_btint_b_reg was removed.  [/home/robert/Downloads/Bachelor/Source Code/build/bachelor.v:4562]
WARNING: [Synth 8-6014] Unused sequential element shift_ff.sv2v_autoblock_3.output_overflow_reg was removed.  [/home/robert/Downloads/Bachelor/Source Code/build/bachelor.v:4563]
WARNING: [Synth 8-6014] Unused sequential element shift_ff.sv2v_autoblock_3.output_index_reg was removed.  [/home/robert/Downloads/Bachelor/Source Code/build/bachelor.v:4568]
WARNING: [Synth 8-6014] Unused sequential element shift_ff.sv2v_autoblock_3.output_value_reg was removed.  [/home/robert/Downloads/Bachelor/Source Code/build/bachelor.v:4569]
WARNING: [Synth 8-6014] Unused sequential element shift_ff.sv2v_autoblock_3.output_btint_a_1_reg was removed.  [/home/robert/Downloads/Bachelor/Source Code/build/bachelor.v:4570]
WARNING: [Synth 8-6014] Unused sequential element shift_ff.sv2v_autoblock_3.output_btint_b_1_reg was removed.  [/home/robert/Downloads/Bachelor/Source Code/build/bachelor.v:4571]
WARNING: [Synth 8-6014] Unused sequential element shift_ff.sv2v_autoblock_3.output_overflow_1_reg was removed.  [/home/robert/Downloads/Bachelor/Source Code/build/bachelor.v:4572]
WARNING: [Synth 8-6014] Unused sequential element shift_ff.sv2v_autoblock_3.TMP_2_btint_a_reg was removed.  [/home/robert/Downloads/Bachelor/Source Code/build/bachelor.v:4592]
WARNING: [Synth 8-6014] Unused sequential element shift_ff.sv2v_autoblock_3.TMP_2_btint_b_reg was removed.  [/home/robert/Downloads/Bachelor/Source Code/build/bachelor.v:4593]
WARNING: [Synth 8-6014] Unused sequential element shift_ff.sv2v_autoblock_3.TMP_2_overflow_reg was removed.  [/home/robert/Downloads/Bachelor/Source Code/build/bachelor.v:4594]
WARNING: [Synth 8-6014] Unused sequential element shift_ff.sv2v_autoblock_3.TMP_0_isNegative_reg was removed.  [/home/robert/Downloads/Bachelor/Source Code/build/bachelor.v:4600]
WARNING: [Synth 8-6014] Unused sequential element shift_ff.sv2v_autoblock_3.TMP_0_i_reg was removed.  [/home/robert/Downloads/Bachelor/Source Code/build/bachelor.v:4601]
WARNING: [Synth 8-6014] Unused sequential element shift_ff.sv2v_autoblock_3.TMP_1_btint_a_reg was removed.  [/home/robert/Downloads/Bachelor/Source Code/build/bachelor.v:4602]
WARNING: [Synth 8-6014] Unused sequential element shift_ff.sv2v_autoblock_3.TMP_1_btint_b_reg was removed.  [/home/robert/Downloads/Bachelor/Source Code/build/bachelor.v:4603]
WARNING: [Synth 8-6014] Unused sequential element shift_ff.sv2v_autoblock_3.TMP_1_overflow_reg was removed.  [/home/robert/Downloads/Bachelor/Source Code/build/bachelor.v:4604]
WARNING: [Synth 8-6014] Unused sequential element shift_ff.sv2v_autoblock_3.zero_btint_a_reg was removed.  [/home/robert/Downloads/Bachelor/Source Code/build/bachelor.v:4605]
WARNING: [Synth 8-6014] Unused sequential element shift_ff.sv2v_autoblock_3.zero_btint_b_reg was removed.  [/home/robert/Downloads/Bachelor/Source Code/build/bachelor.v:4606]
WARNING: [Synth 8-6014] Unused sequential element shift_ff.sv2v_autoblock_3.zero_overflow_reg was removed.  [/home/robert/Downloads/Bachelor/Source Code/build/bachelor.v:4607]
WARNING: [Synth 8-6014] Unused sequential element shift_ff.sv2v_autoblock_3.input_btint_a_reg was removed.  [/home/robert/Downloads/Bachelor/Source Code/build/bachelor.v:4608]
WARNING: [Synth 8-6014] Unused sequential element shift_ff.sv2v_autoblock_3.input_btint_b_reg was removed.  [/home/robert/Downloads/Bachelor/Source Code/build/bachelor.v:4609]
WARNING: [Synth 8-6014] Unused sequential element shift_ff.sv2v_autoblock_3.input_overflow_reg was removed.  [/home/robert/Downloads/Bachelor/Source Code/build/bachelor.v:4610]
WARNING: [Synth 8-6014] Unused sequential element shift_ff.sv2v_autoblock_3.state_btint_a_reg was removed.  [/home/robert/Downloads/Bachelor/Source Code/build/bachelor.v:4611]
WARNING: [Synth 8-6014] Unused sequential element shift_ff.sv2v_autoblock_3.state_btint_b_reg was removed.  [/home/robert/Downloads/Bachelor/Source Code/build/bachelor.v:4612]
WARNING: [Synth 8-6014] Unused sequential element shift_ff.sv2v_autoblock_3.state_overflow_reg was removed.  [/home/robert/Downloads/Bachelor/Source Code/build/bachelor.v:4613]
WARNING: [Synth 8-6014] Unused sequential element multiply_ff.sv2v_autoblock_7.TMP_0_value_reg was removed.  [/home/robert/Downloads/Bachelor/Source Code/build/bachelor.v:3642]
WARNING: [Synth 8-6014] Unused sequential element multiply_ff.sv2v_autoblock_7.output_btint_a_reg was removed.  [/home/robert/Downloads/Bachelor/Source Code/build/bachelor.v:3643]
WARNING: [Synth 8-6014] Unused sequential element multiply_ff.sv2v_autoblock_7.output_btint_b_reg was removed.  [/home/robert/Downloads/Bachelor/Source Code/build/bachelor.v:3644]
WARNING: [Synth 8-6014] Unused sequential element multiply_ff.sv2v_autoblock_7.output_overflow_reg was removed.  [/home/robert/Downloads/Bachelor/Source Code/build/bachelor.v:3645]
WARNING: [Synth 8-6014] Unused sequential element multiply_ff.sv2v_autoblock_7.output_index_reg was removed.  [/home/robert/Downloads/Bachelor/Source Code/build/bachelor.v:3650]
WARNING: [Synth 8-6014] Unused sequential element multiply_ff.sv2v_autoblock_7.output_value_reg was removed.  [/home/robert/Downloads/Bachelor/Source Code/build/bachelor.v:3651]
WARNING: [Synth 8-6014] Unused sequential element multiply_ff.sv2v_autoblock_7.output_btint_a_1_reg was removed.  [/home/robert/Downloads/Bachelor/Source Code/build/bachelor.v:3652]
WARNING: [Synth 8-6014] Unused sequential element multiply_ff.sv2v_autoblock_7.output_btint_b_1_reg was removed.  [/home/robert/Downloads/Bachelor/Source Code/build/bachelor.v:3653]
WARNING: [Synth 8-6014] Unused sequential element multiply_ff.sv2v_autoblock_7.output_overflow_1_reg was removed.  [/home/robert/Downloads/Bachelor/Source Code/build/bachelor.v:3654]
WARNING: [Synth 8-6014] Unused sequential element multiply_ff.sv2v_autoblock_7.TMP_2_btint_a_reg was removed.  [/home/robert/Downloads/Bachelor/Source Code/build/bachelor.v:3664]
WARNING: [Synth 8-6014] Unused sequential element multiply_ff.sv2v_autoblock_7.TMP_2_btint_b_reg was removed.  [/home/robert/Downloads/Bachelor/Source Code/build/bachelor.v:3665]
WARNING: [Synth 8-6014] Unused sequential element multiply_ff.sv2v_autoblock_7.TMP_2_overflow_reg was removed.  [/home/robert/Downloads/Bachelor/Source Code/build/bachelor.v:3666]
WARNING: [Synth 8-6014] Unused sequential element multiply_ff.sv2v_autoblock_7.TMP_0_isNegative_reg was removed.  [/home/robert/Downloads/Bachelor/Source Code/build/bachelor.v:3672]
WARNING: [Synth 8-6014] Unused sequential element multiply_ff.sv2v_autoblock_7.TMP_0_i_reg was removed.  [/home/robert/Downloads/Bachelor/Source Code/build/bachelor.v:3673]
WARNING: [Synth 8-6014] Unused sequential element multiply_ff.sv2v_autoblock_7.TMP_1_btint_a_reg was removed.  [/home/robert/Downloads/Bachelor/Source Code/build/bachelor.v:3674]
WARNING: [Synth 8-6014] Unused sequential element multiply_ff.sv2v_autoblock_7.TMP_1_btint_b_reg was removed.  [/home/robert/Downloads/Bachelor/Source Code/build/bachelor.v:3675]
WARNING: [Synth 8-6014] Unused sequential element multiply_ff.sv2v_autoblock_7.TMP_1_overflow_reg was removed.  [/home/robert/Downloads/Bachelor/Source Code/build/bachelor.v:3676]
WARNING: [Synth 8-6014] Unused sequential element multiply_ff.sv2v_autoblock_7.TMP_5_value_reg was removed.  [/home/robert/Downloads/Bachelor/Source Code/build/bachelor.v:3680]
WARNING: [Synth 8-6014] Unused sequential element multiply_ff.sv2v_autoblock_7.output_btint_a_2_reg was removed.  [/home/robert/Downloads/Bachelor/Source Code/build/bachelor.v:3681]
WARNING: [Synth 8-6014] Unused sequential element multiply_ff.sv2v_autoblock_7.output_btint_b_2_reg was removed.  [/home/robert/Downloads/Bachelor/Source Code/build/bachelor.v:3682]
WARNING: [Synth 8-6014] Unused sequential element multiply_ff.sv2v_autoblock_7.output_overflow_2_reg was removed.  [/home/robert/Downloads/Bachelor/Source Code/build/bachelor.v:3683]
WARNING: [Synth 8-6014] Unused sequential element multiply_ff.sv2v_autoblock_7.output_index_1_reg was removed.  [/home/robert/Downloads/Bachelor/Source Code/build/bachelor.v:3688]
WARNING: [Synth 8-6014] Unused sequential element multiply_ff.sv2v_autoblock_7.output_value_1_reg was removed.  [/home/robert/Downloads/Bachelor/Source Code/build/bachelor.v:3689]
WARNING: [Synth 8-6014] Unused sequential element multiply_ff.sv2v_autoblock_7.output_btint_a_3_reg was removed.  [/home/robert/Downloads/Bachelor/Source Code/build/bachelor.v:3690]
WARNING: [Synth 8-6014] Unused sequential element multiply_ff.sv2v_autoblock_7.output_btint_b_3_reg was removed.  [/home/robert/Downloads/Bachelor/Source Code/build/bachelor.v:3691]
WARNING: [Synth 8-6014] Unused sequential element multiply_ff.sv2v_autoblock_7.output_overflow_3_reg was removed.  [/home/robert/Downloads/Bachelor/Source Code/build/bachelor.v:3692]
WARNING: [Synth 8-6014] Unused sequential element multiply_ff.sv2v_autoblock_7.TMP_7_btint_a_reg was removed.  [/home/robert/Downloads/Bachelor/Source Code/build/bachelor.v:3702]
WARNING: [Synth 8-6014] Unused sequential element multiply_ff.sv2v_autoblock_7.TMP_7_btint_b_reg was removed.  [/home/robert/Downloads/Bachelor/Source Code/build/bachelor.v:3703]
WARNING: [Synth 8-6014] Unused sequential element multiply_ff.sv2v_autoblock_7.TMP_7_overflow_reg was removed.  [/home/robert/Downloads/Bachelor/Source Code/build/bachelor.v:3704]
WARNING: [Synth 8-6014] Unused sequential element multiply_ff.sv2v_autoblock_7.TMP_5_isNegative_reg was removed.  [/home/robert/Downloads/Bachelor/Source Code/build/bachelor.v:3710]
WARNING: [Synth 8-6014] Unused sequential element multiply_ff.sv2v_autoblock_7.TMP_5_i_reg was removed.  [/home/robert/Downloads/Bachelor/Source Code/build/bachelor.v:3711]
WARNING: [Synth 8-6014] Unused sequential element multiply_ff.sv2v_autoblock_7.TMP_6_btint_a_reg was removed.  [/home/robert/Downloads/Bachelor/Source Code/build/bachelor.v:3712]
WARNING: [Synth 8-6014] Unused sequential element multiply_ff.sv2v_autoblock_7.TMP_6_btint_b_reg was removed.  [/home/robert/Downloads/Bachelor/Source Code/build/bachelor.v:3713]
WARNING: [Synth 8-6014] Unused sequential element multiply_ff.sv2v_autoblock_7.TMP_6_overflow_reg was removed.  [/home/robert/Downloads/Bachelor/Source Code/build/bachelor.v:3714]
WARNING: [Synth 8-6014] Unused sequential element multiply_ff.sv2v_autoblock_7.input_a_btint_a_reg was removed.  [/home/robert/Downloads/Bachelor/Source Code/build/bachelor.v:3718]
WARNING: [Synth 8-6014] Unused sequential element multiply_ff.sv2v_autoblock_7.input_a_btint_b_reg was removed.  [/home/robert/Downloads/Bachelor/Source Code/build/bachelor.v:3719]
WARNING: [Synth 8-6014] Unused sequential element multiply_ff.sv2v_autoblock_7.input_a_overflow_reg was removed.  [/home/robert/Downloads/Bachelor/Source Code/build/bachelor.v:3720]
WARNING: [Synth 8-6014] Unused sequential element multiply_ff.sv2v_autoblock_7.input_b_btint_a_reg was removed.  [/home/robert/Downloads/Bachelor/Source Code/build/bachelor.v:3721]
WARNING: [Synth 8-6014] Unused sequential element multiply_ff.sv2v_autoblock_7.input_b_btint_b_reg was removed.  [/home/robert/Downloads/Bachelor/Source Code/build/bachelor.v:3722]
WARNING: [Synth 8-6014] Unused sequential element multiply_ff.sv2v_autoblock_7.input_b_overflow_reg was removed.  [/home/robert/Downloads/Bachelor/Source Code/build/bachelor.v:3723]
WARNING: [Synth 8-6014] Unused sequential element multiply_ff.sv2v_autoblock_7.a_btint_a_reg was removed.  [/home/robert/Downloads/Bachelor/Source Code/build/bachelor.v:3724]
WARNING: [Synth 8-6014] Unused sequential element multiply_ff.sv2v_autoblock_7.a_btint_b_reg was removed.  [/home/robert/Downloads/Bachelor/Source Code/build/bachelor.v:3725]
WARNING: [Synth 8-6014] Unused sequential element multiply_ff.sv2v_autoblock_7.a_overflow_reg was removed.  [/home/robert/Downloads/Bachelor/Source Code/build/bachelor.v:3726]
WARNING: [Synth 8-6014] Unused sequential element multiply_ff.sv2v_autoblock_7.state_btint_a_reg was removed.  [/home/robert/Downloads/Bachelor/Source Code/build/bachelor.v:3727]
WARNING: [Synth 8-6014] Unused sequential element multiply_ff.sv2v_autoblock_7.state_btint_b_reg was removed.  [/home/robert/Downloads/Bachelor/Source Code/build/bachelor.v:3728]
WARNING: [Synth 8-6014] Unused sequential element multiply_ff.sv2v_autoblock_7.state_overflow_reg was removed.  [/home/robert/Downloads/Bachelor/Source Code/build/bachelor.v:3729]
WARNING: [Synth 8-6014] Unused sequential element multiply_ff.sv2v_autoblock_7.product_btint_a_reg was removed.  [/home/robert/Downloads/Bachelor/Source Code/build/bachelor.v:3730]
WARNING: [Synth 8-6014] Unused sequential element multiply_ff.sv2v_autoblock_7.product_btint_b_reg was removed.  [/home/robert/Downloads/Bachelor/Source Code/build/bachelor.v:3731]
WARNING: [Synth 8-6014] Unused sequential element multiply_ff.sv2v_autoblock_7.product_overflow_reg was removed.  [/home/robert/Downloads/Bachelor/Source Code/build/bachelor.v:3732]
WARNING: [Synth 8-6014] Unused sequential element multiply_ff.sv2v_autoblock_7.a_old_overflow_reg was removed.  [/home/robert/Downloads/Bachelor/Source Code/build/bachelor.v:3742]
WARNING: [Synth 8-6014] Unused sequential element multiply_ff.sv2v_autoblock_7.b_old_overflow_reg was removed.  [/home/robert/Downloads/Bachelor/Source Code/build/bachelor.v:3745]
WARNING: [Synth 8-6014] Unused sequential element b_overflow_reg was removed.  [/home/robert/Downloads/Bachelor/Source Code/build/bachelor.v:3748]
WARNING: [Synth 8-6014] Unused sequential element compute_ff.sv2v_autoblock_6.TMP_0_value_reg was removed.  [/home/robert/Downloads/Bachelor/Source Code/build/bachelor.v:2561]
WARNING: [Synth 8-6014] Unused sequential element compute_ff.sv2v_autoblock_6.output_btint_a_reg was removed.  [/home/robert/Downloads/Bachelor/Source Code/build/bachelor.v:2562]
WARNING: [Synth 8-6014] Unused sequential element compute_ff.sv2v_autoblock_6.output_btint_b_reg was removed.  [/home/robert/Downloads/Bachelor/Source Code/build/bachelor.v:2563]
WARNING: [Synth 8-6014] Unused sequential element compute_ff.sv2v_autoblock_6.output_overflow_reg was removed.  [/home/robert/Downloads/Bachelor/Source Code/build/bachelor.v:2564]
WARNING: [Synth 8-6014] Unused sequential element compute_ff.sv2v_autoblock_6.output_index_reg was removed.  [/home/robert/Downloads/Bachelor/Source Code/build/bachelor.v:2569]
WARNING: [Synth 8-6014] Unused sequential element compute_ff.sv2v_autoblock_6.output_value_reg was removed.  [/home/robert/Downloads/Bachelor/Source Code/build/bachelor.v:2570]
WARNING: [Synth 8-6014] Unused sequential element compute_ff.sv2v_autoblock_6.output_btint_a_1_reg was removed.  [/home/robert/Downloads/Bachelor/Source Code/build/bachelor.v:2571]
WARNING: [Synth 8-6014] Unused sequential element compute_ff.sv2v_autoblock_6.output_btint_b_1_reg was removed.  [/home/robert/Downloads/Bachelor/Source Code/build/bachelor.v:2572]
WARNING: [Synth 8-6014] Unused sequential element compute_ff.sv2v_autoblock_6.output_overflow_1_reg was removed.  [/home/robert/Downloads/Bachelor/Source Code/build/bachelor.v:2573]
WARNING: [Synth 8-6014] Unused sequential element compute_ff.sv2v_autoblock_6.TMP_2_btint_a_reg was removed.  [/home/robert/Downloads/Bachelor/Source Code/build/bachelor.v:2593]
WARNING: [Synth 8-6014] Unused sequential element compute_ff.sv2v_autoblock_6.TMP_2_btint_b_reg was removed.  [/home/robert/Downloads/Bachelor/Source Code/build/bachelor.v:2594]
WARNING: [Synth 8-6014] Unused sequential element compute_ff.sv2v_autoblock_6.TMP_2_overflow_reg was removed.  [/home/robert/Downloads/Bachelor/Source Code/build/bachelor.v:2595]
WARNING: [Synth 8-6014] Unused sequential element compute_ff.sv2v_autoblock_6.TMP_0_isNegative_reg was removed.  [/home/robert/Downloads/Bachelor/Source Code/build/bachelor.v:2601]
WARNING: [Synth 8-6014] Unused sequential element compute_ff.sv2v_autoblock_6.TMP_0_i_reg was removed.  [/home/robert/Downloads/Bachelor/Source Code/build/bachelor.v:2602]
WARNING: [Synth 8-6014] Unused sequential element compute_ff.sv2v_autoblock_6.TMP_1_btint_a_reg was removed.  [/home/robert/Downloads/Bachelor/Source Code/build/bachelor.v:2603]
WARNING: [Synth 8-6014] Unused sequential element compute_ff.sv2v_autoblock_6.TMP_1_btint_b_reg was removed.  [/home/robert/Downloads/Bachelor/Source Code/build/bachelor.v:2604]
WARNING: [Synth 8-6014] Unused sequential element compute_ff.sv2v_autoblock_6.TMP_1_overflow_reg was removed.  [/home/robert/Downloads/Bachelor/Source Code/build/bachelor.v:2605]
WARNING: [Synth 8-6014] Unused sequential element compute_ff.sv2v_autoblock_6.sum_btint_a_reg was removed.  [/home/robert/Downloads/Bachelor/Source Code/build/bachelor.v:2609]
WARNING: [Synth 8-6014] Unused sequential element compute_ff.sv2v_autoblock_6.sum_btint_b_reg was removed.  [/home/robert/Downloads/Bachelor/Source Code/build/bachelor.v:2610]
WARNING: [Synth 8-6014] Unused sequential element compute_ff.sv2v_autoblock_6.sum_overflow_reg was removed.  [/home/robert/Downloads/Bachelor/Source Code/build/bachelor.v:2611]
WARNING: [Synth 8-6014] Unused sequential element compute_ff.sv2v_autoblock_6.c_in_u_btint_a_reg was removed.  [/home/robert/Downloads/Bachelor/Source Code/build/bachelor.v:2612]
WARNING: [Synth 8-6014] Unused sequential element compute_ff.sv2v_autoblock_6.c_in_u_btint_b_reg was removed.  [/home/robert/Downloads/Bachelor/Source Code/build/bachelor.v:2613]
INFO: [Common 17-14] Message 'Synth 8-6014' appears 100 times and further instances of the messages will be disabled. Use the Tcl command set_msg_config to change the current settings.
WARNING: [Synth 8-7129] Port controller_a_out_btint_a9[7] in module CONTROLLER is either unconnected or has no load
WARNING: [Synth 8-7129] Port controller_a_out_btint_a9[6] in module CONTROLLER is either unconnected or has no load
WARNING: [Synth 8-7129] Port controller_a_out_btint_a9[5] in module CONTROLLER is either unconnected or has no load
WARNING: [Synth 8-7129] Port controller_a_out_btint_a9[4] in module CONTROLLER is either unconnected or has no load
WARNING: [Synth 8-7129] Port controller_a_out_btint_a9[3] in module CONTROLLER is either unconnected or has no load
WARNING: [Synth 8-7129] Port controller_a_out_btint_a9[2] in module CONTROLLER is either unconnected or has no load
WARNING: [Synth 8-7129] Port controller_a_out_btint_a9[1] in module CONTROLLER is either unconnected or has no load
WARNING: [Synth 8-7129] Port controller_a_out_btint_a9[0] in module CONTROLLER is either unconnected or has no load
WARNING: [Synth 8-7129] Port controller_a_out_btint_b9[7] in module CONTROLLER is either unconnected or has no load
WARNING: [Synth 8-7129] Port controller_a_out_btint_b9[6] in module CONTROLLER is either unconnected or has no load
WARNING: [Synth 8-7129] Port controller_a_out_btint_b9[5] in module CONTROLLER is either unconnected or has no load
WARNING: [Synth 8-7129] Port controller_a_out_btint_b9[4] in module CONTROLLER is either unconnected or has no load
WARNING: [Synth 8-7129] Port controller_a_out_btint_b9[3] in module CONTROLLER is either unconnected or has no load
WARNING: [Synth 8-7129] Port controller_a_out_btint_b9[2] in module CONTROLLER is either unconnected or has no load
WARNING: [Synth 8-7129] Port controller_a_out_btint_b9[1] in module CONTROLLER is either unconnected or has no load
WARNING: [Synth 8-7129] Port controller_a_out_btint_b9[0] in module CONTROLLER is either unconnected or has no load
WARNING: [Synth 8-7129] Port controller_a_out_overflow9[1] in module CONTROLLER is either unconnected or has no load
WARNING: [Synth 8-7129] Port controller_a_out_overflow9[0] in module CONTROLLER is either unconnected or has no load
WARNING: [Synth 8-7129] Port controller_a_out_btint_a10[7] in module CONTROLLER is either unconnected or has no load
WARNING: [Synth 8-7129] Port controller_a_out_btint_a10[6] in module CONTROLLER is either unconnected or has no load
WARNING: [Synth 8-7129] Port controller_a_out_btint_a10[5] in module CONTROLLER is either unconnected or has no load
WARNING: [Synth 8-7129] Port controller_a_out_btint_a10[4] in module CONTROLLER is either unconnected or has no load
WARNING: [Synth 8-7129] Port controller_a_out_btint_a10[3] in module CONTROLLER is either unconnected or has no load
WARNING: [Synth 8-7129] Port controller_a_out_btint_a10[2] in module CONTROLLER is either unconnected or has no load
WARNING: [Synth 8-7129] Port controller_a_out_btint_a10[1] in module CONTROLLER is either unconnected or has no load
WARNING: [Synth 8-7129] Port controller_a_out_btint_a10[0] in module CONTROLLER is either unconnected or has no load
WARNING: [Synth 8-7129] Port controller_a_out_btint_b10[7] in module CONTROLLER is either unconnected or has no load
WARNING: [Synth 8-7129] Port controller_a_out_btint_b10[6] in module CONTROLLER is either unconnected or has no load
WARNING: [Synth 8-7129] Port controller_a_out_btint_b10[5] in module CONTROLLER is either unconnected or has no load
WARNING: [Synth 8-7129] Port controller_a_out_btint_b10[4] in module CONTROLLER is either unconnected or has no load
WARNING: [Synth 8-7129] Port controller_a_out_btint_b10[3] in module CONTROLLER is either unconnected or has no load
WARNING: [Synth 8-7129] Port controller_a_out_btint_b10[2] in module CONTROLLER is either unconnected or has no load
WARNING: [Synth 8-7129] Port controller_a_out_btint_b10[1] in module CONTROLLER is either unconnected or has no load
WARNING: [Synth 8-7129] Port controller_a_out_btint_b10[0] in module CONTROLLER is either unconnected or has no load
WARNING: [Synth 8-7129] Port controller_a_out_overflow10[1] in module CONTROLLER is either unconnected or has no load
WARNING: [Synth 8-7129] Port controller_a_out_overflow10[0] in module CONTROLLER is either unconnected or has no load
WARNING: [Synth 8-7129] Port controller_a_out_btint_a11[7] in module CONTROLLER is either unconnected or has no load
WARNING: [Synth 8-7129] Port controller_a_out_btint_a11[6] in module CONTROLLER is either unconnected or has no load
WARNING: [Synth 8-7129] Port controller_a_out_btint_a11[5] in module CONTROLLER is either unconnected or has no load
WARNING: [Synth 8-7129] Port controller_a_out_btint_a11[4] in module CONTROLLER is either unconnected or has no load
WARNING: [Synth 8-7129] Port controller_a_out_btint_a11[3] in module CONTROLLER is either unconnected or has no load
WARNING: [Synth 8-7129] Port controller_a_out_btint_a11[2] in module CONTROLLER is either unconnected or has no load
WARNING: [Synth 8-7129] Port controller_a_out_btint_a11[1] in module CONTROLLER is either unconnected or has no load
WARNING: [Synth 8-7129] Port controller_a_out_btint_a11[0] in module CONTROLLER is either unconnected or has no load
WARNING: [Synth 8-7129] Port controller_a_out_btint_b11[7] in module CONTROLLER is either unconnected or has no load
WARNING: [Synth 8-7129] Port controller_a_out_btint_b11[6] in module CONTROLLER is either unconnected or has no load
WARNING: [Synth 8-7129] Port controller_a_out_btint_b11[5] in module CONTROLLER is either unconnected or has no load
WARNING: [Synth 8-7129] Port controller_a_out_btint_b11[4] in module CONTROLLER is either unconnected or has no load
WARNING: [Synth 8-7129] Port controller_a_out_btint_b11[3] in module CONTROLLER is either unconnected or has no load
WARNING: [Synth 8-7129] Port controller_a_out_btint_b11[2] in module CONTROLLER is either unconnected or has no load
WARNING: [Synth 8-7129] Port controller_a_out_btint_b11[1] in module CONTROLLER is either unconnected or has no load
WARNING: [Synth 8-7129] Port controller_a_out_btint_b11[0] in module CONTROLLER is either unconnected or has no load
WARNING: [Synth 8-7129] Port controller_a_out_overflow11[1] in module CONTROLLER is either unconnected or has no load
WARNING: [Synth 8-7129] Port controller_a_out_overflow11[0] in module CONTROLLER is either unconnected or has no load
WARNING: [Synth 8-7129] Port controller_c_out_d_btint_a11[7] in module CONTROLLER is either unconnected or has no load
WARNING: [Synth 8-7129] Port controller_c_out_d_btint_a11[6] in module CONTROLLER is either unconnected or has no load
WARNING: [Synth 8-7129] Port controller_c_out_d_btint_a11[5] in module CONTROLLER is either unconnected or has no load
WARNING: [Synth 8-7129] Port controller_c_out_d_btint_a11[4] in module CONTROLLER is either unconnected or has no load
WARNING: [Synth 8-7129] Port controller_c_out_d_btint_a11[3] in module CONTROLLER is either unconnected or has no load
WARNING: [Synth 8-7129] Port controller_c_out_d_btint_a11[2] in module CONTROLLER is either unconnected or has no load
WARNING: [Synth 8-7129] Port controller_c_out_d_btint_a11[1] in module CONTROLLER is either unconnected or has no load
WARNING: [Synth 8-7129] Port controller_c_out_d_btint_a11[0] in module CONTROLLER is either unconnected or has no load
WARNING: [Synth 8-7129] Port controller_c_out_d_btint_b11[7] in module CONTROLLER is either unconnected or has no load
WARNING: [Synth 8-7129] Port controller_c_out_d_btint_b11[6] in module CONTROLLER is either unconnected or has no load
WARNING: [Synth 8-7129] Port controller_c_out_d_btint_b11[5] in module CONTROLLER is either unconnected or has no load
WARNING: [Synth 8-7129] Port controller_c_out_d_btint_b11[4] in module CONTROLLER is either unconnected or has no load
WARNING: [Synth 8-7129] Port controller_c_out_d_btint_b11[3] in module CONTROLLER is either unconnected or has no load
WARNING: [Synth 8-7129] Port controller_c_out_d_btint_b11[2] in module CONTROLLER is either unconnected or has no load
WARNING: [Synth 8-7129] Port controller_c_out_d_btint_b11[1] in module CONTROLLER is either unconnected or has no load
WARNING: [Synth 8-7129] Port controller_c_out_d_btint_b11[0] in module CONTROLLER is either unconnected or has no load
WARNING: [Synth 8-7129] Port controller_c_out_d_overflow11[1] in module CONTROLLER is either unconnected or has no load
WARNING: [Synth 8-7129] Port controller_c_out_d_overflow11[0] in module CONTROLLER is either unconnected or has no load
WARNING: [Synth 8-7129] Port controller_s_out2 in module CONTROLLER is either unconnected or has no load
WARNING: [Synth 8-7129] Port controller_s_out5 in module CONTROLLER is either unconnected or has no load
WARNING: [Synth 8-7129] Port controller_s_out8 in module CONTROLLER is either unconnected or has no load
WARNING: [Synth 8-7129] Port controller_s_out9 in module CONTROLLER is either unconnected or has no load
WARNING: [Synth 8-7129] Port controller_s_out10 in module CONTROLLER is either unconnected or has no load
WARNING: [Synth 8-7129] Port controller_s_out11 in module CONTROLLER is either unconnected or has no load
WARNING: [Synth 8-7129] Port adder_subtractor_sum_btint_a[0] in module ADDER_SUBTRACTOR0 is either unconnected or has no load
WARNING: [Synth 8-7129] Port adder_subtractor_a_overflow[1] in module ADDER_SUBTRACTOR0 is either unconnected or has no load
WARNING: [Synth 8-7129] Port adder_subtractor_a_overflow[0] in module ADDER_SUBTRACTOR0 is either unconnected or has no load
WARNING: [Synth 8-7129] Port adder_subtractor_b_overflow[1] in module ADDER_SUBTRACTOR0 is either unconnected or has no load
WARNING: [Synth 8-7129] Port adder_subtractor_b_overflow[0] in module ADDER_SUBTRACTOR0 is either unconnected or has no load
WARNING: [Synth 8-7129] Port multiplier_b_overflow[1] in module MULTIPLIER is either unconnected or has no load
WARNING: [Synth 8-7129] Port multiplier_b_overflow[0] in module MULTIPLIER is either unconnected or has no load
WARNING: [Synth 8-7129] Port adder_subtractor_sum_btint_a[0] in module ADDER_SUBTRACTOR is either unconnected or has no load
WARNING: [Synth 8-7129] Port adder_subtractor_a_overflow[1] in module ADDER_SUBTRACTOR is either unconnected or has no load
WARNING: [Synth 8-7129] Port adder_subtractor_a_overflow[0] in module ADDER_SUBTRACTOR is either unconnected or has no load
WARNING: [Synth 8-7129] Port adder_subtractor_b_overflow[1] in module ADDER_SUBTRACTOR is either unconnected or has no load
WARNING: [Synth 8-7129] Port adder_subtractor_b_overflow[0] in module ADDER_SUBTRACTOR is either unconnected or has no load
---------------------------------------------------------------------------------
Finished Synthesize : Time (s): cpu = 00:00:07 ; elapsed = 00:00:07 . Memory (MB): peak = 1821.355 ; gain = 523.621 ; free physical = 2795 ; free virtual = 24952
---------------------------------------------------------------------------------
---------------------------------------------------------------------------------
Finished Constraint Validation : Time (s): cpu = 00:00:08 ; elapsed = 00:00:08 . Memory (MB): peak = 1836.199 ; gain = 538.465 ; free physical = 2743 ; free virtual = 24902
---------------------------------------------------------------------------------
---------------------------------------------------------------------------------
Start Loading Part and Timing Information
---------------------------------------------------------------------------------
Loading part: xc7z020clg484-1
---------------------------------------------------------------------------------
Finished Loading Part and Timing Information : Time (s): cpu = 00:00:08 ; elapsed = 00:00:08 . Memory (MB): peak = 1844.203 ; gain = 546.469 ; free physical = 2743 ; free virtual = 24902
---------------------------------------------------------------------------------
INFO: [Device 21-403] Loading part xc7z020clg484-1
---------------------------------------------------------------------------------
Finished RTL Optimization Phase 2 : Time (s): cpu = 00:00:13 ; elapsed = 00:00:11 . Memory (MB): peak = 1880.031 ; gain = 582.297 ; free physical = 2410 ; free virtual = 24572
---------------------------------------------------------------------------------
No constraint files found.
---------------------------------------------------------------------------------
Start RTL Component Statistics 
---------------------------------------------------------------------------------
Detailed RTL Component Info : 
+---Adders : 
	   3 Input   32 Bit       Adders := 372   
	   4 Input   32 Bit       Adders := 1596  
	   2 Input   32 Bit       Adders := 494   
	   2 Input    6 Bit       Adders := 1     
	   2 Input    4 Bit       Adders := 2     
	   2 Input    2 Bit       Adders := 636   
+---XORs : 
	   2 Input      1 Bit         XORs := 1152  
+---Registers : 
	              128 Bit    Registers := 8     
	               96 Bit    Registers := 7     
	               32 Bit    Registers := 108   
	               24 Bit    Registers := 3     
	               16 Bit    Registers := 241   
	               12 Bit    Registers := 1     
	                8 Bit    Registers := 843   
	                6 Bit    Registers := 1     
	                4 Bit    Registers := 13    
	                2 Bit    Registers := 337   
	                1 Bit    Registers := 123   
+---Muxes : 
	   2 Input  128 Bit        Muxes := 42    
	   2 Input   96 Bit        Muxes := 16    
	   2 Input   32 Bit        Muxes := 365   
	   3 Input   32 Bit        Muxes := 36    
	   6 Input   32 Bit        Muxes := 12    
	   2 Input   24 Bit        Muxes := 8     
	   2 Input   16 Bit        Muxes := 216   
	   2 Input   12 Bit        Muxes := 3     
	   2 Input   10 Bit        Muxes := 3     
	   3 Input    8 Bit        Muxes := 96    
	   2 Input    8 Bit        Muxes := 1081  
	   6 Input    8 Bit        Muxes := 12    
	   3 Input    6 Bit        Muxes := 1     
	   2 Input    6 Bit        Muxes := 1     
	   3 Input    5 Bit        Muxes := 1     
	   6 Input    4 Bit        Muxes := 24    
	   2 Input    4 Bit        Muxes := 16    
	   4 Input    4 Bit        Muxes := 1     
	   2 Input    3 Bit        Muxes := 12    
	   3 Input    2 Bit        Muxes := 72    
	   4 Input    2 Bit        Muxes := 732   
	   2 Input    2 Bit        Muxes := 834   
	   3 Input    1 Bit        Muxes := 204   
	   2 Input    1 Bit        Muxes := 307   
---------------------------------------------------------------------------------
Finished RTL Component Statistics 
---------------------------------------------------------------------------------
---------------------------------------------------------------------------------
Start Part Resource Summary
---------------------------------------------------------------------------------
Part Resources:
DSPs: 220 (col length:60)
BRAMs: 280 (col length: RAMB18 60 RAMB36 30)
---------------------------------------------------------------------------------
Finished Part Resource Summary
---------------------------------------------------------------------------------
No constraint files found.
---------------------------------------------------------------------------------
Start Cross Boundary and Area Optimization
---------------------------------------------------------------------------------
WARNING: [Synth 8-7080] Parallel synthesis criteria is not met
---------------------------------------------------------------------------------
Finished Cross Boundary and Area Optimization : Time (s): cpu = 00:01:21 ; elapsed = 00:01:20 . Memory (MB): peak = 2762.812 ; gain = 1465.078 ; free physical = 4339 ; free virtual = 26500
---------------------------------------------------------------------------------
No constraint files found.
---------------------------------------------------------------------------------
Start Timing Optimization
---------------------------------------------------------------------------------
---------------------------------------------------------------------------------
Finished Timing Optimization : Time (s): cpu = 00:01:22 ; elapsed = 00:01:21 . Memory (MB): peak = 2762.812 ; gain = 1465.078 ; free physical = 4340 ; free virtual = 26501
---------------------------------------------------------------------------------
---------------------------------------------------------------------------------
Start Technology Mapping
---------------------------------------------------------------------------------
---------------------------------------------------------------------------------
Finished Technology Mapping : Time (s): cpu = 00:01:26 ; elapsed = 00:01:25 . Memory (MB): peak = 2800.531 ; gain = 1502.797 ; free physical = 4591 ; free virtual = 26753
---------------------------------------------------------------------------------
---------------------------------------------------------------------------------
Start IO Insertion
---------------------------------------------------------------------------------
---------------------------------------------------------------------------------
Start Flattening Before IO Insertion
---------------------------------------------------------------------------------
---------------------------------------------------------------------------------
Finished Flattening Before IO Insertion
---------------------------------------------------------------------------------
---------------------------------------------------------------------------------
Start Final Netlist Cleanup
---------------------------------------------------------------------------------
---------------------------------------------------------------------------------
Finished Final Netlist Cleanup
---------------------------------------------------------------------------------
---------------------------------------------------------------------------------
Finished IO Insertion : Time (s): cpu = 00:01:32 ; elapsed = 00:01:31 . Memory (MB): peak = 2820.406 ; gain = 1522.672 ; free physical = 4568 ; free virtual = 26729
---------------------------------------------------------------------------------
---------------------------------------------------------------------------------
Start Renaming Generated Instances
---------------------------------------------------------------------------------
---------------------------------------------------------------------------------
Finished Renaming Generated Instances : Time (s): cpu = 00:01:32 ; elapsed = 00:01:31 . Memory (MB): peak = 2820.406 ; gain = 1522.672 ; free physical = 4568 ; free virtual = 26729
---------------------------------------------------------------------------------
---------------------------------------------------------------------------------
Start Rebuilding User Hierarchy
---------------------------------------------------------------------------------
---------------------------------------------------------------------------------
Finished Rebuilding User Hierarchy : Time (s): cpu = 00:01:34 ; elapsed = 00:01:33 . Memory (MB): peak = 2820.406 ; gain = 1522.672 ; free physical = 4553 ; free virtual = 26714
---------------------------------------------------------------------------------
---------------------------------------------------------------------------------
Start Renaming Generated Ports
---------------------------------------------------------------------------------
---------------------------------------------------------------------------------
Finished Renaming Generated Ports : Time (s): cpu = 00:01:34 ; elapsed = 00:01:33 . Memory (MB): peak = 2820.406 ; gain = 1522.672 ; free physical = 4553 ; free virtual = 26714
---------------------------------------------------------------------------------
---------------------------------------------------------------------------------
Start Handling Custom Attributes
---------------------------------------------------------------------------------
---------------------------------------------------------------------------------
Finished Handling Custom Attributes : Time (s): cpu = 00:01:35 ; elapsed = 00:01:34 . Memory (MB): peak = 2820.406 ; gain = 1522.672 ; free physical = 4553 ; free virtual = 26714
---------------------------------------------------------------------------------
---------------------------------------------------------------------------------
Start Renaming Generated Nets
---------------------------------------------------------------------------------
---------------------------------------------------------------------------------
Finished Renaming Generated Nets : Time (s): cpu = 00:01:35 ; elapsed = 00:01:34 . Memory (MB): peak = 2820.406 ; gain = 1522.672 ; free physical = 4553 ; free virtual = 26714
---------------------------------------------------------------------------------
---------------------------------------------------------------------------------
Start Writing Synthesis Report
---------------------------------------------------------------------------------

Report BlackBoxes: 
+-+--------------+----------+
| |BlackBox name |Instances |
+-+--------------+----------+
+-+--------------+----------+

Report Cell Usage: 
+------+-------+------+
|      |Cell   |Count |
+------+-------+------+
|1     |CARRY4 | 10571|
|2     |LUT1   | 31573|
|3     |LUT2   |  9643|
|4     |LUT3   |  2512|
|5     |LUT4   |  3349|
|6     |LUT5   |  2235|
|7     |LUT6   |  3281|
|8     |MUXF7  |    55|
|9     |FDRE   |  6190|
|10    |FDSE   |  1864|
+------+-------+------+

Report Instance Areas: 
+------+-----------------------+--------------------+------+
|      |Instance               |Module              |Cells |
+------+-----------------------+--------------------+------+
|1     |top                    |                    | 71273|
|2     |  inst                 |COMBINED_OPERATIONS | 71273|
|3     |    cell_1_0           |CELL_2              |  4566|
|4     |      multiplier_0     |MULTIPLIER_71       |  1521|
|5     |        shift_register |SHIFT_REGISTER_78   |    59|
|6     |      multiplier_1     |MULTIPLIER_72       |  1494|
|7     |        shift_register |SHIFT_REGISTER_77   |    50|
|8     |      multiplier_2     |MULTIPLIER_73       |   278|
|9     |        shift_register |SHIFT_REGISTER_76   |    39|
|10    |      multiplier_3     |MULTIPLIER_74       |   758|
|11    |        shift_register |SHIFT_REGISTER_75   |    35|
|12    |    cell_2_0           |CELL_5              |  4566|
|13    |      multiplier_0     |MULTIPLIER_47       |  1521|
|14    |        shift_register |SHIFT_REGISTER_54   |    59|
|15    |      multiplier_1     |MULTIPLIER_48       |  1494|
|16    |        shift_register |SHIFT_REGISTER_53   |    50|
|17    |      multiplier_2     |MULTIPLIER_49       |   278|
|18    |        shift_register |SHIFT_REGISTER_52   |    39|
|19    |      multiplier_3     |MULTIPLIER_50       |   758|
|20    |        shift_register |SHIFT_REGISTER_51   |    35|
|21    |    cell_0_0           |CELL                |  4568|
|22    |      multiplier_0     |MULTIPLIER_95       |  1521|
|23    |        shift_register |SHIFT_REGISTER_102  |    59|
|24    |      multiplier_1     |MULTIPLIER_96       |  1494|
|25    |        shift_register |SHIFT_REGISTER_101  |    50|
|26    |      multiplier_2     |MULTIPLIER_97       |   278|
|27    |        shift_register |SHIFT_REGISTER_100  |    39|
|28    |      multiplier_3     |MULTIPLIER_98       |   758|
|29    |        shift_register |SHIFT_REGISTER_99   |    35|
|30    |    cell_0_1           |CELL_0              |  5611|
|31    |      multiplier_0     |MULTIPLIER_87       |  1523|
|32    |        shift_register |SHIFT_REGISTER_94   |    59|
|33    |      multiplier_1     |MULTIPLIER_88       |  1494|
|34    |        shift_register |SHIFT_REGISTER_93   |    50|
|35    |      multiplier_2     |MULTIPLIER_89       |   803|
|36    |        shift_register |SHIFT_REGISTER_92   |    44|
|37    |      multiplier_3     |MULTIPLIER_90       |  1260|
|38    |        shift_register |SHIFT_REGISTER_91   |    45|
|39    |    cell_0_2           |CELL_1              |  5640|
|40    |      multiplier_0     |MULTIPLIER_79       |  1523|
|41    |        shift_register |SHIFT_REGISTER_86   |    59|
|42    |      multiplier_1     |MULTIPLIER_80       |  1494|
|43    |        shift_register |SHIFT_REGISTER_85   |    50|
|44    |      multiplier_2     |MULTIPLIER_81       |   817|
|45    |        shift_register |SHIFT_REGISTER_84   |    44|
|46    |      multiplier_3     |MULTIPLIER_82       |  1276|
|47    |        shift_register |SHIFT_REGISTER_83   |    45|
|48    |    cell_1_1           |CELL_3              |  5610|
|49    |      multiplier_0     |MULTIPLIER_63       |  1523|
|50    |        shift_register |SHIFT_REGISTER_70   |    59|
|51    |      multiplier_1     |MULTIPLIER_64       |  1494|
|52    |        shift_register |SHIFT_REGISTER_69   |    50|
|53    |      multiplier_2     |MULTIPLIER_65       |   803|
|54    |        shift_register |SHIFT_REGISTER_68   |    44|
|55    |      multiplier_3     |MULTIPLIER_66       |  1260|
|56    |        shift_register |SHIFT_REGISTER_67   |    45|
|57    |    cell_1_2           |CELL_4              |  5640|
|58    |      multiplier_0     |MULTIPLIER_55       |  1523|
|59    |        shift_register |SHIFT_REGISTER_62   |    59|
|60    |      multiplier_1     |MULTIPLIER_56       |  1494|
|61    |        shift_register |SHIFT_REGISTER_61   |    50|
|62    |      multiplier_2     |MULTIPLIER_57       |   817|
|63    |        shift_register |SHIFT_REGISTER_60   |    44|
|64    |      multiplier_3     |MULTIPLIER_58       |  1276|
|65    |        shift_register |SHIFT_REGISTER_59   |    45|
|66    |    cell_2_1           |CELL_6              |  5611|
|67    |      multiplier_0     |MULTIPLIER_39       |  1523|
|68    |        shift_register |SHIFT_REGISTER_46   |    59|
|69    |      multiplier_1     |MULTIPLIER_40       |  1494|
|70    |        shift_register |SHIFT_REGISTER_45   |    50|
|71    |      multiplier_2     |MULTIPLIER_41       |   803|
|72    |        shift_register |SHIFT_REGISTER_44   |    44|
|73    |      multiplier_3     |MULTIPLIER_42       |  1260|
|74    |        shift_register |SHIFT_REGISTER_43   |    45|
|75    |    cell_2_2           |CELL_7              |  5641|
|76    |      multiplier_0     |MULTIPLIER_31       |  1523|
|77    |        shift_register |SHIFT_REGISTER_38   |    59|
|78    |      multiplier_1     |MULTIPLIER_32       |  1494|
|79    |        shift_register |SHIFT_REGISTER_37   |    50|
|80    |      multiplier_2     |MULTIPLIER_33       |   817|
|81    |        shift_register |SHIFT_REGISTER_36   |    44|
|82    |      multiplier_3     |MULTIPLIER_34       |  1276|
|83    |        shift_register |SHIFT_REGISTER_35   |    45|
|84    |    cell_3_0           |CELL_8              |  4556|
|85    |      multiplier_0     |MULTIPLIER_23       |  1521|
|86    |        shift_register |SHIFT_REGISTER_30   |    59|
|87    |      multiplier_1     |MULTIPLIER_24       |  1494|
|88    |        shift_register |SHIFT_REGISTER_29   |    50|
|89    |      multiplier_2     |MULTIPLIER_25       |   278|
|90    |        shift_register |SHIFT_REGISTER_28   |    39|
|91    |      multiplier_3     |MULTIPLIER_26       |   758|
|92    |        shift_register |SHIFT_REGISTER_27   |    35|
|93    |    cell_3_1           |CELL_9              |  5105|
|94    |      multiplier_0     |MULTIPLIER_15       |  1521|
|95    |        shift_register |SHIFT_REGISTER_22   |    59|
|96    |      multiplier_1     |MULTIPLIER_16       |  1494|
|97    |        shift_register |SHIFT_REGISTER_21   |    50|
|98    |      multiplier_2     |MULTIPLIER_17       |   803|
|99    |        shift_register |SHIFT_REGISTER_20   |    44|
|100   |      multiplier_3     |MULTIPLIER_18       |   783|
|101   |        shift_register |SHIFT_REGISTER_19   |    45|
|102   |    cell_3_2           |CELL_10             |  4344|
|103   |      multiplier_0     |MULTIPLIER          |  1519|
|104   |        shift_register |SHIFT_REGISTER_14   |    59|
|105   |      multiplier_1     |MULTIPLIER_11       |  1494|
|106   |        shift_register |SHIFT_REGISTER_13   |    50|
|107   |      multiplier_2     |MULTIPLIER_12       |   817|
|108   |        shift_register |SHIFT_REGISTER      |    44|
|109   |    controller         |CONTROLLER          |  9815|
+------+-----------------------+--------------------+------+
---------------------------------------------------------------------------------
Finished Writing Synthesis Report : Time (s): cpu = 00:01:35 ; elapsed = 00:01:34 . Memory (MB): peak = 2820.406 ; gain = 1522.672 ; free physical = 4552 ; free virtual = 26713
---------------------------------------------------------------------------------
Synthesis finished with 0 errors, 0 critical warnings and 340 warnings.
Synthesis Optimization Runtime : Time (s): cpu = 00:01:36 ; elapsed = 00:01:34 . Memory (MB): peak = 2820.406 ; gain = 1522.672 ; free physical = 4552 ; free virtual = 26713
Synthesis Optimization Complete : Time (s): cpu = 00:01:36 ; elapsed = 00:01:34 . Memory (MB): peak = 2820.414 ; gain = 1522.672 ; free physical = 4552 ; free virtual = 26713
INFO: [Project 1-571] Translating synthesized netlist
Netlist sorting complete. Time (s): cpu = 00:00:00.33 ; elapsed = 00:00:00.33 . Memory (MB): peak = 2820.414 ; gain = 0.000 ; free physical = 4806 ; free virtual = 26967
INFO: [Netlist 29-17] Analyzing 10626 Unisim elements for replacement
INFO: [Netlist 29-28] Unisim Transformation completed in 0 CPU seconds
INFO: [Project 1-570] Preparing netlist for logic optimization
INFO: [Opt 31-138] Pushed 0 inverter(s) to 0 load pin(s).
Netlist sorting complete. Time (s): cpu = 00:00:00.01 ; elapsed = 00:00:00.01 . Memory (MB): peak = 2876.434 ; gain = 0.000 ; free physical = 4734 ; free virtual = 26897
INFO: [Project 1-111] Unisim Transformation Summary:
No Unisim elements were transformed.

Synth Design complete | Checksum: b9137971
INFO: [Common 17-83] Releasing license: Synthesis
44 Infos, 296 Warnings, 0 Critical Warnings and 0 Errors encountered.
synth_design completed successfully
synth_design: Time (s): cpu = 00:01:48 ; elapsed = 00:01:43 . Memory (MB): peak = 2876.469 ; gain = 1578.734 ; free physical = 4734 ; free virtual = 26897
INFO: [Common 17-2834] synth_design peak Physical Memory [PSS] (MB): overall = 2441.364; main = 2059.322; forked = 382.042
INFO: [Common 17-2834] synth_design peak Virtual Memory [VSS] (MB): overall = 3804.605; main = 2876.438; forked = 984.195
INFO: [Timing 38-35] Done setting XDC timing constraints.
Write ShapeDB Complete: Time (s): cpu = 00:00:00.39 ; elapsed = 00:00:00.13 . Memory (MB): peak = 2964.477 ; gain = 0.000 ; free physical = 4427 ; free virtual = 26599
INFO: [Common 17-1381] The checkpoint '/home/robert/Downloads/Bachelor/Vivado/Vivado.runs/bachelor_COMBINED_OPERATIONS_0_0_synth_1/bachelor_COMBINED_OPERATIONS_0_0.dcp' has been generated.
write_checkpoint: Time (s): cpu = 00:00:12 ; elapsed = 00:00:09 . Memory (MB): peak = 2964.477 ; gain = 88.008 ; free physical = 4388 ; free virtual = 26558
INFO: [Coretcl 2-1648] Added synthesis output to IP cache for IP bachelor_COMBINED_OPERATIONS_0_0, cache-ID = 913c68e533d05b13
INFO: [Coretcl 2-1174] Renamed 108 cell refs.
Write ShapeDB Complete: Time (s): cpu = 00:00:00.37 ; elapsed = 00:00:00.13 . Memory (MB): peak = 2964.477 ; gain = 0.000 ; free physical = 4338 ; free virtual = 26568
INFO: [Common 17-1381] The checkpoint '/home/robert/Downloads/Bachelor/Vivado/Vivado.runs/bachelor_COMBINED_OPERATIONS_0_0_synth_1/bachelor_COMBINED_OPERATIONS_0_0.dcp' has been generated.
INFO: [runtcl-4] Executing : report_utilization -file bachelor_COMBINED_OPERATIONS_0_0_utilization_synth.rpt -pb bachelor_COMBINED_OPERATIONS_0_0_utilization_synth.pb
INFO: [Common 17-206] Exiting Vivado at Sun Jun  8 01:02:21 2025...
