Copyright 1986-2022 Xilinx, Inc. All Rights Reserved. Copyright 2022-2024 Advanced Micro Devices, Inc. All Rights Reserved.
---------------------------------------------------------------------------------------------------------------------------------------------
| Tool Version : Vivado v.2024.2 (lin64) Build 5239630 Fri Nov 08 22:34:34 MST 2024
| Date         : Thu Mar 13 19:45:56 2025
| Host         : arch running 64-bit unknown
| Command      : report_control_sets -verbose -file MATRIX_VECTOR_control_sets_placed.rpt
| Design       : MATRIX_VECTOR
| Device       : xc7z020
---------------------------------------------------------------------------------------------------------------------------------------------

Control Set Information

Table of Contents
-----------------
1. Summary
2. Histogram
3. Flip-Flop Distribution
4. Detailed Control Set Information

1. Summary
----------

+----------------------------------------------------------+-------+
|                          Status                          | Count |
+----------------------------------------------------------+-------+
| Total control sets                                       |    19 |
|    Minimum number of control sets                        |    19 |
|    Addition due to synthesis replication                 |     0 |
|    Addition due to physical synthesis replication        |     0 |
| Unused register locations in slices containing registers |    42 |
+----------------------------------------------------------+-------+
* Control sets can be merged at opt_design using control_set_merge or merge_equivalent_drivers
** Run report_qor_suggestions for automated merging and remapping suggestions


2. Histogram
------------

+--------------------+-------+
|       Fanout       | Count |
+--------------------+-------+
| Total control sets |    19 |
| >= 0 to < 4        |     2 |
| >= 4 to < 6        |     2 |
| >= 6 to < 8        |     4 |
| >= 8 to < 10       |     1 |
| >= 10 to < 12      |     1 |
| >= 12 to < 14      |     0 |
| >= 14 to < 16      |     1 |
| >= 16              |     8 |
+--------------------+-------+
* Control sets can be remapped at either synth_design or opt_design


3. Flip-Flop Distribution
-------------------------

+--------------+-----------------------+------------------------+-----------------+--------------+
| Clock Enable | Synchronous Set/Reset | Asynchronous Set/Reset | Total Registers | Total Slices |
+--------------+-----------------------+------------------------+-----------------+--------------+
| No           | No                    | No                     |             162 |           60 |
| No           | No                    | Yes                    |               0 |            0 |
| No           | Yes                   | No                     |             108 |           38 |
| Yes          | No                    | No                     |              79 |           19 |
| Yes          | No                    | Yes                    |               0 |            0 |
| Yes          | Yes                   | No                     |             177 |           51 |
+--------------+-----------------------+------------------------+-----------------+--------------+


4. Detailed Control Set Information
-----------------------------------

+--------------------------------+-------------------------------------------------------+-----------------------------------------------------------+------------------+----------------+--------------+
|          Clock Signal          |                     Enable Signal                     |                      Set/Reset Signal                     | Slice Load Count | Bel Load Count | Bels / Slice |
+--------------------------------+-------------------------------------------------------+-----------------------------------------------------------+------------------+----------------+--------------+
|  matrix_vector_clock_IBUF_BUFG | matrix_vector_control/vector_done_i_1_n_2             | matrix_vector_reset_IBUF                                  |                1 |              1 |         1.00 |
|  matrix_vector_clock_IBUF_BUFG | uart_transmitter/__3/i__n_2                           | matrix_vector_control/matrix_vector_control_done_reg_0[0] |                1 |              3 |         3.00 |
|  matrix_vector_clock_IBUF_BUFG |                                                       | matrix_vector_control/matrix_vector_control_reset_out     |                2 |              4 |         2.00 |
|  matrix_vector_clock_IBUF_BUFG | matrix_vector_control/matrix_vector_control_reset_out |                                                           |                4 |              4 |         1.00 |
|  matrix_vector_clock_IBUF_BUFG | cell_1/multiplier/b_btint_b_next                      |                                                           |                1 |              7 |         7.00 |
|  matrix_vector_clock_IBUF_BUFG | cell_0/multiplier/b_btint_b_next                      |                                                           |                2 |              7 |         3.50 |
|  matrix_vector_clock_IBUF_BUFG | cell_2/multiplier/b_btint_b_next                      |                                                           |                1 |              7 |         7.00 |
|  matrix_vector_clock_IBUF_BUFG | cell_3/multiplier/b_btint_b_next                      |                                                           |                1 |              7 |         7.00 |
|  matrix_vector_clock_IBUF_BUFG |                                                       | matrix_vector_reset_IBUF                                  |                5 |              8 |         1.60 |
|  matrix_vector_clock_IBUF_BUFG | matrix_vector_control/matrix_vector_control_done_next | matrix_vector_reset_IBUF                                  |                6 |             10 |         1.67 |
|  matrix_vector_clock_IBUF_BUFG | matrix_vector_control/p_0_in                          |                                                           |                5 |             15 |         3.00 |
|  matrix_vector_clock_IBUF_BUFG |                                                       | cell_0/multiplier/SS[0]                                   |                6 |             24 |         4.00 |
|  matrix_vector_clock_IBUF_BUFG |                                                       | cell_2/multiplier/SS[0]                                   |                9 |             24 |         2.67 |
|  matrix_vector_clock_IBUF_BUFG |                                                       | cell_1/multiplier/SS[0]                                   |                7 |             24 |         3.43 |
|  matrix_vector_clock_IBUF_BUFG |                                                       | cell_3/multiplier/SS[0]                                   |                9 |             24 |         2.67 |
|  matrix_vector_clock_IBUF_BUFG | uart_transmitter/j_2                                  | uart_transmitter/j[31]_i_1_n_2                            |                6 |             32 |         5.33 |
|  matrix_vector_clock_IBUF_BUFG | uart_transmitter/i_1                                  |                                                           |                5 |             32 |         6.40 |
|  matrix_vector_clock_IBUF_BUFG | matrix_vector_control/index[127]_i_1_n_2              | matrix_vector_reset_IBUF                                  |               37 |            131 |         3.54 |
|  matrix_vector_clock_IBUF_BUFG |                                                       |                                                           |               60 |            162 |         2.70 |
+--------------------------------+-------------------------------------------------------+-----------------------------------------------------------+------------------+----------------+--------------+


