Copyright 1986-2022 Xilinx, Inc. All Rights Reserved. Copyright 2022-2024 Advanced Micro Devices, Inc. All Rights Reserved.
---------------------------------------------------------------------------------------------------------------------------------------------
| Tool Version : Vivado v.2024.2 (lin64) Build 5239630 Fri Nov 08 22:34:34 MST 2024
| Date         : Sat Mar 15 19:48:33 2025
| Host         : arch running 64-bit unknown
| Command      : report_drc -file MATRIX_VECTOR_drc_opted.rpt -pb MATRIX_VECTOR_drc_opted.pb -rpx MATRIX_VECTOR_drc_opted.rpx
| Design       : MATRIX_VECTOR
| Device       : xc7z020clg484-1
| Speed File   : -1
| Design State : Synthesized
---------------------------------------------------------------------------------------------------------------------------------------------

Report DRC

Table of Contents
-----------------
1. REPORT SUMMARY
2. REPORT DETAILS

1. REPORT SUMMARY
-----------------
            Netlist: netlist
          Floorplan: design_1
      Design limits: <entire design considered>
           Ruledeck: default
             Max checks: <unlimited>
             Checks found: 4
+---------+------------------+----------------------------+--------+
| Rule    | Severity         | Description                | Checks |
+---------+------------------+----------------------------+--------+
| NSTD-1  | Critical Warning | Unspecified I/O Standard   | 1      |
| UCIO-1  | Critical Warning | Unconstrained Logical Port | 1      |
| IOCNT-1 | Warning          | Number of IOs              | 1      |
| ZPS7-1  | Warning          | PS7 block required         | 1      |
+---------+------------------+----------------------------+--------+

2. REPORT DETAILS
-----------------
NSTD-1#1 Critical Warning
Unspecified I/O Standard  
314 out of 314 logical ports use I/O standard (IOSTANDARD) value 'DEFAULT', instead of a user assigned specific value. This may cause I/O contention or incompatibility with the board power or connectivity affecting performance, signal integrity or in extreme cases cause damage to the device or the components to which it is connected. To correct this violation, specify all I/O standards. This design will fail to generate a bitstream unless all logical ports have a user specified I/O standard value defined. To allow bitstream creation with unspecified I/O standard values (not recommended), use this command: set_property SEVERITY {Warning} [get_drc_checks NSTD-1].  NOTE: When using the Vivado Runs infrastructure (e.g. launch_runs Tcl command), add this command to a .tcl file and add that file as a pre-hook for write_bitstream step for the implementation run. Problem ports: matrix_vector_clock, matrix_vector_done,
matrix_vector_matrix_btint_a[95:0], matrix_vector_matrix_btint_b[95:0],
matrix_vector_reset, matrix_vector_result_btint_a[23:0],
matrix_vector_result_btint_b[23:0], matrix_vector_result_overflow[5:0],
matrix_vector_valid, matrix_vector_vector_btint_a[31:0]
matrix_vector_vector_btint_b[31:0].
Related violations: <none>

UCIO-1#1 Critical Warning
Unconstrained Logical Port  
314 out of 314 logical ports have no user assigned specific location constraint (LOC). This may cause I/O contention or incompatibility with the board power or connectivity affecting performance, signal integrity or in extreme cases cause damage to the device or the components to which it is connected. To correct this violation, specify all pin locations. This design will fail to generate a bitstream unless all logical ports have a user specified site LOC constraint defined.  To allow bitstream creation with unspecified pin locations (not recommended), use this command: set_property SEVERITY {Warning} [get_drc_checks UCIO-1].  NOTE: When using the Vivado Runs infrastructure (e.g. launch_runs Tcl command), add this command to a .tcl file and add that file as a pre-hook for write_bitstream step for the implementation run.  Problem ports: matrix_vector_clock, matrix_vector_done,
matrix_vector_matrix_btint_a[95:0], matrix_vector_matrix_btint_b[95:0],
matrix_vector_reset, matrix_vector_result_btint_a[23:0],
matrix_vector_result_btint_b[23:0], matrix_vector_result_overflow[5:0],
matrix_vector_valid, matrix_vector_vector_btint_a[31:0]
matrix_vector_vector_btint_b[31:0].
Related violations: <none>

IOCNT-1#1 Warning
Number of IOs  
The design contains 314 unplaced I/O ports while the target device, xc7z020clg484-1, has 200 remaining available user I/O pins. This DRC assumes that all ports which do not drive MGT pins should be placed on user I/O pins. To correct this issue:
1. Ensure you are targeting the correct device and package. Select a larger device or different package if necessary.
2. Check the top-level ports of the design to ensure the correct number of ports are specified.
3. Consider design changes to reduce the number of user I/O pins needed.

Related violations: <none>

ZPS7-1#1 Warning
PS7 block required  
The PS7 cell must be used in this Zynq design in order to enable correct default configuration.
Related violations: <none>


